Change Component Designator: Old Designator=AD New Designator=AD1
Change Component Designator: Old Designator=C25 New Designator=C1
Change Component Designator: Old Designator=C26 New Designator=C2
Change Component Designator: Old Designator=ICSP New Designator=ICSP1
Change Component Designator: Old Designator=IOH New Designator=IOH1
Change Component Designator: Old Designator=IOL New Designator=IOL1
Change Component Designator: Old Designator=P3 New Designator=P2
Change Component Designator: Old Designator=P4 New Designator=P3
Change Component Designator: Old Designator=P5 New Designator=P1
Change Component Designator: Old Designator=POWER New Designator=POWER1
Change Component Designator: Old Designator=Q1 New Designator=Q2
Change Component Designator: Old Designator=Q2 New Designator=Q3
Change Component Designator: Old Designator=Q3 New Designator=Q1
Change Component Designator: Old Designator=R1 New Designator=R10
Change Component Designator: Old Designator=R2 New Designator=R11
Change Component Designator: Old Designator=R3 New Designator=R12
Change Component Designator: Old Designator=R4 New Designator=R13
Change Component Designator: Old Designator=R45 New Designator=R2
Change Component Designator: Old Designator=R46 New Designator=R1
Change Component Designator: Old Designator=R47 New Designator=R3
Change Component Designator: Old Designator=R48 New Designator=R4
Change Component Designator: Old Designator=R49 New Designator=R5
Change Component Designator: Old Designator=R50 New Designator=R6
Change Component Designator: Old Designator=R51 New Designator=R7
Change Component Designator: Old Designator=R52 New Designator=R8
Change Component Designator: Old Designator=R53 New Designator=R9
Change Component Designator: Old Designator=U5 New Designator=U1
Change Component Designator: Old Designator=U6 New Designator=U4
Change Component Designator: Old Designator=U6 New Designator=U4
Change Component Designator: Old Designator=U7 New Designator=U3
Change Component Designator: Old Designator=U8 New Designator=U2
