Change Component Designator: Old Designator=C1 New Designator=C6
Change Component Designator: Old Designator=C2 New Designator=C11
Change Component Designator: Old Designator=C3 New Designator=C13
Change Component Designator: Old Designator=C4 New Designator=C16
Change Component Designator: Old Designator=C5 New Designator=C17
Change Component Designator: Old Designator=C6 New Designator=C18
Change Component Designator: Old Designator=C7 New Designator=C12
Change Component Designator: Old Designator=C8 New Designator=C14
Change Component Designator: Old Designator=C9 New Designator=C10
Change Component Designator: Old Designator=C10 New Designator=C15
Change Component Designator: Old Designator=C11 New Designator=C5
Change Component Designator: Old Designator=C12 New Designator=C19
Change Component Designator: Old Designator=C13 New Designator=C7
Change Component Designator: Old Designator=C14 New Designator=C8
Change Component Designator: Old Designator=C15 New Designator=C9
Change Component Designator: Old Designator=C16 New Designator=C3
Change Component Designator: Old Designator=C17 New Designator=C4
Change Component Designator: Old Designator=C18 New Designator=C26
Change Component Designator: Old Designator=C19 New Designator=C24
Change Component Designator: Old Designator=C20 New Designator=C25
Change Component Designator: Old Designator=C21 New Designator=C20
Change Component Designator: Old Designator=C22 New Designator=C21
Change Component Designator: Old Designator=C23 New Designator=C22
Change Component Designator: Old Designator=C24 New Designator=C23
Change Component Designator: Old Designator=D2 New Designator=D4
Change Component Designator: Old Designator=D3 New Designator=D5
Change Component Designator: Old Designator=D4 New Designator=D2
Change Component Designator: Old Designator=D5 New Designator=D3
Change Component Designator: Old Designator=P1 New Designator=P4
Change Component Designator: Old Designator=P2 New Designator=P5
Change Component Designator: Old Designator=Q14 New Designator=Q4
Change Component Designator: Old Designator=R5 New Designator=R14
Change Component Designator: Old Designator=R6 New Designator=R15
Change Component Designator: Old Designator=R28 New Designator=R16
Change Component Designator: Old Designator=R29 New Designator=R17
Change Component Designator: Old Designator=R30 New Designator=R18
Change Component Designator: Old Designator=R31 New Designator=R19
Change Component Designator: Old Designator=R32 New Designator=R20
Change Component Designator: Old Designator=R33 New Designator=R21
Change Component Designator: Old Designator=R34 New Designator=R31
Change Component Designator: Old Designator=R35 New Designator=R32
Change Component Designator: Old Designator=R36 New Designator=R30
Change Component Designator: Old Designator=R37 New Designator=R24
Change Component Designator: Old Designator=R38 New Designator=R27
Change Component Designator: Old Designator=R39 New Designator=R23
Change Component Designator: Old Designator=R40 New Designator=R22
Change Component Designator: Old Designator=R41 New Designator=R25
Change Component Designator: Old Designator=R42 New Designator=R26
Change Component Designator: Old Designator=R43 New Designator=R28
Change Component Designator: Old Designator=R44 New Designator=R29
Change Component Designator: Old Designator=SW? New Designator=SW1
Change Component Designator: Old Designator=U1 New Designator=U5
Change Component Designator: Old Designator=U2 New Designator=U8
Change Component Designator: Old Designator=U3 New Designator=U6
Change Component Designator: Old Designator=U4 New Designator=U7
